#
# A fatal error has been detected by the Java Runtime Environment:
#
#  EXCEPTION_ACCESS_VIOLATION (0xc0000005) at pc=0x0000000070446419, pid=7412, tid=0x0000000000002d58
#
# JRE version: OpenJDK Runtime Environment (8.0_152-b02) (build 1.8.0_152-release-1024-b02)
# Java VM: OpenJDK 64-Bit Server VM (25.152-b02 mixed mode windows-amd64 compressed oops)
# Problematic frame:
# V  [jvm.dll+0x286419]
#
# Failed to write core dump. Minidumps are not enabled by default on client versions of Windows
#
# If you would like to submit a bug report, please visit:
#   http://bugreport.java.com/bugreport/crash.jsp
#

---------------  T H R E A D  ---------------

Current thread (0x0000000015f03800):  JavaThread "C1 CompilerThread2" daemon [_thread_in_native, id=11608, stack(0x0000000017770000,0x0000000017870000)]

siginfo: ExceptionCode=0xc0000005, reading address 0x0000000000000008

Registers:
RAX=0x0000000000000000, RBX=0x000000001786ea40, RCX=0x0000000014b6db90, RDX=0x000000001cb6dc78
RSP=0x000000001786e7e0, RBP=0x000000001786e940, RSI=0x000000001cb6dc70, RDI=0x0000000000000002
R8 =0x0000000000000002, R9 =0x0000000000000003, R10=0x0000000000001003, R11=0x0000000000000001
R12=0x000000000000000a, R13=0x000000001bb79fd0, R14=0x0000000000000000, R15=0x000000001bd4e870
RIP=0x0000000070446419, EFLAGS=0x0000000000010202

Top of Stack: (sp=0x000000001786e7e0)
0x000000001786e7e0:   000000001786e868 0000000000000007
0x000000001786e7f0:   0000000000000005 00000000705ad360
0x000000001786e800:   000000001786ea40 00000000705bd1a7
0x000000001786e810:   0000000000000000 000000001786e940
0x000000001786e820:   0000000000000005 00000000704462c9
0x000000001786e830:   000000000000000a 00000000705b6a97
0x000000001786e840:   000000001cb6dc70 000000001786e940
0x000000001786e850:   0000000000000007 0000000000000001
0x000000001786e860:   00000003002f9000 0000000000000000
0x000000001786e870:   0000000000000000 0000000000000000
0x000000001786e880:   0000000000000000 000000001bd52100
0x000000001786e890:   00000000000001c0 0000000000000000
0x000000001786e8a0:   0000000017959100 0000000000000000
0x000000001786e8b0:   000000b600000000 000000001bd520c0
0x000000001786e8c0:   00000000000001c0 000000001bd4e870
0x000000001786e8d0:   0000000000000010 0000000000000007 

Instructions: (pc=0x0000000070446419)
0x00000000704463f9:   48 83 f8 03 0f 84 85 00 00 00 48 83 f8 05 74 7f
0x0000000070446409:   0f b6 c1 f6 d0 a8 01 0f 84 88 00 00 00 48 8b 01
0x0000000070446419:   ff 50 08 4c 8b d8 48 85 c0 74 7a 41 8b 4b 08 33
0x0000000070446429:   c0 83 ff 02 0f 44 f8 4d 8d 43 08 83 e1 07 80 f9 


Register to memory mapping:

RAX=0x0000000000000000 is an unknown value
RBX=0x000000001786ea40 is pointing into the stack for thread: 0x0000000015f03800
RCX=0x0000000014b6db90 is an unknown value
RDX=0x000000001cb6dc78 is an unknown value
RSP=0x000000001786e7e0 is pointing into the stack for thread: 0x0000000015f03800
RBP=0x000000001786e940 is pointing into the stack for thread: 0x0000000015f03800
RSI=0x000000001cb6dc70 is an unknown value
RDI=0x0000000000000002 is an unknown value
R8 =0x0000000000000002 is an unknown value
R9 =0x0000000000000003 is an unknown value
R10=0x0000000000001003 is an unknown value
R11=0x0000000000000001 is an unknown value
R12=0x000000000000000a is an unknown value
R13=0x000000001bb79fd0 is an unknown value
R14=0x0000000000000000 is an unknown value
R15=0x000000001bd4e870 is an unknown value


Stack: [0x0000000017770000,0x0000000017870000],  sp=0x000000001786e7e0,  free space=1017k
Native frames: (J=compiled Java code, j=interpreted, Vv=VM code, C=native code)
V  [jvm.dll+0x286419]
V  [jvm.dll+0x3fd1a7]
V  [jvm.dll+0x3f6a97]
V  [jvm.dll+0x3fc3e6]
V  [jvm.dll+0x3da6b0]
V  [jvm.dll+0x3daa80]
V  [jvm.dll+0x3dabb2]
V  [jvm.dll+0x3dad81]
V  [jvm.dll+0x3daf8f]
V  [jvm.dll+0x814c8]
V  [jvm.dll+0x81dff]
V  [jvm.dll+0x21d2df]
V  [jvm.dll+0x26d7ea]
C  [msvcr100.dll+0x21d9f]
C  [msvcr100.dll+0x21e3b]
C  [KERNEL32.DLL+0x12784]
C  [ntdll.dll+0x50c31]


Current CompileTask:
C1:  10908 2557       3       org.objectweb.asm.FieldWriter::put (475 bytes)


---------------  P R O C E S S  ---------------

Java Threads: ( => current thread )
  0x000000001ba62000 JavaThread "Cache worker for Artifact transforms cache (C:\Users\Rodrigo\.gradle\caches\transforms-1)" [_thread_blocked, id=224, stack(0x00000000209d0000,0x0000000020ad0000)]
  0x000000001904f800 JavaThread "Cache worker for file hash cache (C:\Users\Rodrigo\Desktop\TCC\ProjetoVoiceTcc\.gradle\4.4\fileHashes)" [_thread_blocked, id=328, stack(0x000000001ae20000,0x000000001af20000)]
  0x0000000018c74800 JavaThread "File lock request listener" [_thread_in_native, id=9468, stack(0x000000001ad20000,0x000000001ae20000)]
  0x0000000018efc800 JavaThread "Cache worker for file hash cache (C:\Users\Rodrigo\.gradle\caches\4.4\fileHashes)" [_thread_blocked, id=7648, stack(0x000000001ac20000,0x000000001ad20000)]
  0x0000000018c83000 JavaThread "Stdin handler" [_thread_blocked, id=1300, stack(0x000000001a920000,0x000000001aa20000)]
  0x0000000018c82800 JavaThread "Asynchronous log dispatcher for DefaultDaemonConnection: socket connection from /127.0.0.1:6255 to /127.0.0.1:6256" [_thread_blocked, id=16820, stack(0x000000001a820000,0x000000001a920000)]
  0x0000000018c7f800 JavaThread "Daemon worker" [_thread_in_vm, id=17348, stack(0x000000001a720000,0x000000001a820000)]
  0x0000000017b3e000 JavaThread "Cancel handler" [_thread_blocked, id=2416, stack(0x000000001a620000,0x000000001a720000)]
  0x0000000018e7e000 JavaThread "Handler for socket connection from /127.0.0.1:6255 to /127.0.0.1:6256" [_thread_in_native, id=3892, stack(0x000000001a320000,0x000000001a420000)]
  0x0000000018e7d000 JavaThread "Daemon" [_thread_blocked, id=5312, stack(0x000000001a220000,0x000000001a320000)]
  0x0000000018be3000 JavaThread "Daemon periodic checks" [_thread_blocked, id=17160, stack(0x000000001a120000,0x000000001a220000)]
  0x0000000018bc4000 JavaThread "Incoming local TCP Connector on port 6255" [_thread_in_native, id=2636, stack(0x0000000019c80000,0x0000000019d80000)]
  0x0000000017896000 JavaThread "Service Thread" daemon [_thread_blocked, id=11020, stack(0x0000000017c70000,0x0000000017d70000)]
=>0x0000000015f03800 JavaThread "C1 CompilerThread2" daemon [_thread_in_native, id=11608, stack(0x0000000017770000,0x0000000017870000)]
  0x0000000015f00800 JavaThread "C2 CompilerThread1" daemon [_thread_blocked, id=5784, stack(0x0000000017670000,0x0000000017770000)]
  0x0000000015efc000 JavaThread "C2 CompilerThread0" daemon [_thread_in_native, id=15376, stack(0x0000000017570000,0x0000000017670000)]
  0x0000000015ef9000 JavaThread "Attach Listener" daemon [_thread_blocked, id=7172, stack(0x0000000017470000,0x0000000017570000)]
  0x0000000015ef7800 JavaThread "Signal Dispatcher" daemon [_thread_blocked, id=10748, stack(0x0000000017370000,0x0000000017470000)]
  0x000000000258c000 JavaThread "Finalizer" daemon [_thread_blocked, id=11464, stack(0x0000000017170000,0x0000000017270000)]
  0x0000000002581000 JavaThread "Reference Handler" daemon [_thread_blocked, id=12456, stack(0x0000000017070000,0x0000000017170000)]
  0x0000000000c9e000 JavaThread "main" [_thread_blocked, id=13884, stack(0x0000000000b60000,0x0000000000c60000)]

Other Threads:
  0x0000000015ec5800 VMThread [stack: 0x0000000016f70000,0x0000000017070000] [id=15928]
  0x0000000017896800 WatcherThread [stack: 0x0000000017d70000,0x0000000017e70000] [id=2656]

VM state:not at safepoint (normal execution)

VM Mutex/Monitor currently owned by a thread: None

Heap:
 PSYoungGen      total 71680K, used 23404K [0x00000000e0000000, 0x00000000e8780000, 0x0000000100000000)
  eden space 66560K, 27% used [0x00000000e0000000,0x00000000e11e0660,0x00000000e4100000)
  from space 5120K, 99% used [0x00000000e4100000,0x00000000e45fa9a0,0x00000000e4600000)
  to   space 11264K, 0% used [0x00000000e7c80000,0x00000000e7c80000,0x00000000e8780000)
 ParOldGen       total 62464K, used 11499K [0x00000000a0000000, 0x00000000a3d00000, 0x00000000e0000000)
  object space 62464K, 18% used [0x00000000a0000000,0x00000000a0b3af50,0x00000000a3d00000)
 Metaspace       used 29124K, capacity 29736K, committed 30080K, reserved 1075200K
  class space    used 3940K, capacity 4145K, committed 4224K, reserved 1048576K

Card table byte_map: [0x0000000011950000,0x0000000011c60000] byte_map_base: 0x0000000011450000

Marking Bits: (ParMarkBitMap*) 0x0000000070984970
 Begin Bits: [0x0000000012260000, 0x0000000013a60000)
 End Bits:   [0x0000000013a60000, 0x0000000015260000)

Polling page: 0x0000000000770000

CodeCache: size=245760Kb used=10215Kb max_used=10227Kb free=235544Kb
 bounds [0x0000000002590000, 0x0000000002fa0000, 0x0000000011590000]
 total_blobs=3155 nmethods=2510 adapters=558
 compilation: enabled

Compilation events (10 events):
Event: 10.643 Thread 0x0000000015f03800 nmethod 2555 0x0000000002f85590 code [0x0000000002f85720, 0x0000000002f85b50]
Event: 10.643 Thread 0x0000000015f03800 2556       3       org.objectweb.asm.FieldWriter::getSize (262 bytes)
Event: 10.644 Thread 0x0000000015f03800 nmethod 2556 0x0000000002f88910 code [0x0000000002f88ba0, 0x0000000002f89aa8]
Event: 10.644 Thread 0x0000000015f03800 2557       3       org.objectweb.asm.FieldWriter::put (475 bytes)
Event: 10.645 Thread 0x0000000015efc000 nmethod 2550% 0x0000000002f8d4d0 code [0x0000000002f8d640, 0x0000000002f8dcb8]
Event: 10.652 Thread 0x0000000015efc000 2559 %     4       java.util.regex.Pattern$BnM::optimize @ 108 (179 bytes)
Event: 10.663 Thread 0x0000000015efc000 nmethod 2559% 0x0000000002f8b410 code [0x0000000002f8b580, 0x0000000002f8bc78]
Event: 10.663 Thread 0x0000000015efc000 2563       4       java.util.regex.Pattern::atom (379 bytes)
Event: 10.676 Thread 0x0000000015efc000 nmethod 2563 0x0000000002f8e5d0 code [0x0000000002f8e9e0, 0x0000000002f8f448]
Event: 10.676 Thread 0x0000000015efc000 2560       4       org.objectweb.asm.ClassReader::readUTF (194 bytes)

GC Heap History (10 events):
Event: 3.839 GC heap before
{Heap before GC invocations=2 (full 0):
 PSYoungGen      total 38400K, used 37483K [0x00000000e0000000, 0x00000000e4b00000, 0x0000000100000000)
  eden space 33280K, 100% used [0x00000000e0000000,0x00000000e2080000,0x00000000e2080000)
  from space 5120K, 82% used [0x00000000e2080000,0x00000000e249ad60,0x00000000e2580000)
  to   space 5120K, 0% used [0x00000000e4600000,0x00000000e4600000,0x00000000e4b00000)
 ParOldGen       total 87552K, used 8K [0x00000000a0000000, 0x00000000a5580000, 0x00000000e0000000)
  object space 87552K, 0% used [0x00000000a0000000,0x00000000a0002000,0x00000000a5580000)
 Metaspace       used 11630K, capacity 11974K, committed 12160K, reserved 1060864K
  class space    used 1534K, capacity 1641K, committed 1664K, reserved 1048576K
Event: 3.866 GC heap after
Heap after GC invocations=2 (full 0):
 PSYoungGen      total 71680K, used 5101K [0x00000000e0000000, 0x00000000e4b00000, 0x0000000100000000)
  eden space 66560K, 0% used [0x00000000e0000000,0x00000000e0000000,0x00000000e4100000)
  from space 5120K, 99% used [0x00000000e4600000,0x00000000e4afb580,0x00000000e4b00000)
  to   space 5120K, 0% used [0x00000000e4100000,0x00000000e4100000,0x00000000e4600000)
 ParOldGen       total 87552K, used 474K [0x00000000a0000000, 0x00000000a5580000, 0x00000000e0000000)
  object space 87552K, 0% used [0x00000000a0000000,0x00000000a0076a38,0x00000000a5580000)
 Metaspace       used 11630K, capacity 11974K, committed 12160K, reserved 1060864K
  class space    used 1534K, capacity 1641K, committed 1664K, reserved 1048576K
}
Event: 6.510 GC heap before
{Heap before GC invocations=3 (full 0):
 PSYoungGen      total 71680K, used 71661K [0x00000000e0000000, 0x00000000e4b00000, 0x0000000100000000)
  eden space 66560K, 100% used [0x00000000e0000000,0x00000000e4100000,0x00000000e4100000)
  from space 5120K, 99% used [0x00000000e4600000,0x00000000e4afb580,0x00000000e4b00000)
  to   space 5120K, 0% used [0x00000000e4100000,0x00000000e4100000,0x00000000e4600000)
 ParOldGen       total 87552K, used 474K [0x00000000a0000000, 0x00000000a5580000, 0x00000000e0000000)
  object space 87552K, 0% used [0x00000000a0000000,0x00000000a0076a38,0x00000000a5580000)
 Metaspace       used 17482K, capacity 17942K, committed 18048K, reserved 1064960K
  class space    used 2517K, capacity 2657K, committed 2688K, reserved 1048576K
Event: 6.534 GC heap after
Heap after GC invocations=3 (full 0):
 PSYoungGen      total 71680K, used 5088K [0x00000000e0000000, 0x00000000e8c00000, 0x0000000100000000)
  eden space 66560K, 0% used [0x00000000e0000000,0x00000000e0000000,0x00000000e4100000)
  from space 5120K, 99% used [0x00000000e4100000,0x00000000e45f8020,0x00000000e4600000)
  to   space 5120K, 0% used [0x00000000e8700000,0x00000000e8700000,0x00000000e8c00000)
 ParOldGen       total 87552K, used 6323K [0x00000000a0000000, 0x00000000a5580000, 0x00000000e0000000)
  object space 87552K, 7% used [0x00000000a0000000,0x00000000a062ccf8,0x00000000a5580000)
 Metaspace       used 17482K, capacity 17942K, committed 18048K, reserved 1064960K
  class space    used 2517K, capacity 2657K, committed 2688K, reserved 1048576K
}
Event: 7.792 GC heap before
{Heap before GC invocations=4 (full 0):
 PSYoungGen      total 71680K, used 26958K [0x00000000e0000000, 0x00000000e8c00000, 0x0000000100000000)
  eden space 66560K, 32% used [0x00000000e0000000,0x00000000e155b8c8,0x00000000e4100000)
  from space 5120K, 99% used [0x00000000e4100000,0x00000000e45f8020,0x00000000e4600000)
  to   space 5120K, 0% used [0x00000000e8700000,0x00000000e8700000,0x00000000e8c00000)
 ParOldGen       total 87552K, used 6323K [0x00000000a0000000, 0x00000000a5580000, 0x00000000e0000000)
  object space 87552K, 7% used [0x00000000a0000000,0x00000000a062ccf8,0x00000000a5580000)
 Metaspace       used 20780K, capacity 21212K, committed 21248K, reserved 1067008K
  class space    used 2876K, capacity 3042K, committed 3072K, reserved 1048576K
Event: 7.801 GC heap after
Heap after GC invocations=4 (full 0):
 PSYoungGen      total 71680K, used 5111K [0x00000000e0000000, 0x00000000e8c00000, 0x0000000100000000)
  eden space 66560K, 0% used [0x00000000e0000000,0x00000000e0000000,0x00000000e4100000)
  from space 5120K, 99% used [0x00000000e8700000,0x00000000e8bfddc0,0x00000000e8c00000)
  to   space 5120K, 0% used [0x00000000e4100000,0x00000000e4100000,0x00000000e4600000)
 ParOldGen       total 87552K, used 9619K [0x00000000a0000000, 0x00000000a5580000, 0x00000000e0000000)
  object space 87552K, 10% used [0x00000000a0000000,0x00000000a0964ca8,0x00000000a5580000)
 Metaspace       used 20780K, capacity 21212K, committed 21248K, reserved 1067008K
  class space    used 2876K, capacity 3042K, committed 3072K, reserved 1048576K
}
Event: 7.801 GC heap before
{Heap before GC invocations=5 (full 1):
 PSYoungGen      total 71680K, used 5111K [0x00000000e0000000, 0x00000000e8c00000, 0x0000000100000000)
  eden space 66560K, 0% used [0x00000000e0000000,0x00000000e0000000,0x00000000e4100000)
  from space 5120K, 99% used [0x00000000e8700000,0x00000000e8bfddc0,0x00000000e8c00000)
  to   space 5120K, 0% used [0x00000000e4100000,0x00000000e4100000,0x00000000e4600000)
 ParOldGen       total 87552K, used 9619K [0x00000000a0000000, 0x00000000a5580000, 0x00000000e0000000)
  object space 87552K, 10% used [0x00000000a0000000,0x00000000a0964ca8,0x00000000a5580000)
 Metaspace       used 20780K, capacity 21212K, committed 21248K, reserved 1067008K
  class space    used 2876K, capacity 3042K, committed 3072K, reserved 1048576K
Event: 7.858 GC heap after
Heap after GC invocations=5 (full 1):
 PSYoungGen      total 71680K, used 0K [0x00000000e0000000, 0x00000000e8c00000, 0x0000000100000000)
  eden space 66560K, 0% used [0x00000000e0000000,0x00000000e0000000,0x00000000e4100000)
  from space 5120K, 0% used [0x00000000e8700000,0x00000000e8700000,0x00000000e8c00000)
  to   space 5120K, 0% used [0x00000000e4100000,0x00000000e4100000,0x00000000e4600000)
 ParOldGen       total 62464K, used 8757K [0x00000000a0000000, 0x00000000a3d00000, 0x00000000e0000000)
  object space 62464K, 14% used [0x00000000a0000000,0x00000000a088d590,0x00000000a3d00000)
 Metaspace       used 20780K, capacity 21212K, committed 21248K, reserved 1067008K
  class space    used 2876K, capacity 3042K, committed 3072K, reserved 1048576K
}
Event: 9.882 GC heap before
{Heap before GC invocations=6 (full 1):
 PSYoungGen      total 71680K, used 66560K [0x00000000e0000000, 0x00000000e8c00000, 0x0000000100000000)
  eden space 66560K, 100% used [0x00000000e0000000,0x00000000e4100000,0x00000000e4100000)
  from space 5120K, 0% used [0x00000000e8700000,0x00000000e8700000,0x00000000e8c00000)
  to   space 5120K, 0% used [0x00000000e4100000,0x00000000e4100000,0x00000000e4600000)
 ParOldGen       total 62464K, used 8757K [0x00000000a0000000, 0x00000000a3d00000, 0x00000000e0000000)
  object space 62464K, 14% used [0x00000000a0000000,0x00000000a088d590,0x00000000a3d00000)
 Metaspace       used 28020K, capacity 28510K, committed 28800K, reserved 1075200K
  class space    used 3796K, capacity 3956K, committed 3968K, reserved 1048576K
Event: 9.891 GC heap after
Heap after GC invocations=6 (full 1):
 PSYoungGen      total 71680K, used 5098K [0x00000000e0000000, 0x00000000e8780000, 0x0000000100000000)
  eden space 66560K, 0% used [0x00000000e0000000,0x00000000e0000000,0x00000000e4100000)
  from space 5120K, 99% used [0x00000000e4100000,0x00000000e45fa9a0,0x00000000e4600000)
  to   space 11264K, 0% used [0x00000000e7c80000,0x00000000e7c80000,0x00000000e8780000)
 ParOldGen       total 62464K, used 11499K [0x00000000a0000000, 0x00000000a3d00000, 0x00000000e0000000)
  object space 62464K, 18% used [0x00000000a0000000,0x00000000a0b3af50,0x00000000a3d00000)
 Metaspace       used 28020K, capacity 28510K, committed 28800K, reserved 1075200K
  class space    used 3796K, capacity 3956K, committed 3968K, reserved 1048576K
}

Deoptimization events (10 events):
Event: 8.975 Thread 0x0000000018c7f800 Uncommon trap: reason=class_check action=maybe_recompile pc=0x0000000002756304 method=sun.misc.URLClassPath.getLoader(I)Lsun/misc/URLClassPath$Loader; @ 239
Event: 9.162 Thread 0x0000000018c7f800 Uncommon trap: reason=class_check action=maybe_recompile pc=0x0000000002756304 method=sun.misc.URLClassPath.getLoader(I)Lsun/misc/URLClassPath$Loader; @ 239
Event: 9.416 Thread 0x0000000018c7f800 Uncommon trap: reason=unstable_if action=reinterpret pc=0x000000000297eea0 method=java.util.HashMap.hash(Ljava/lang/Object;)I @ 1
Event: 9.450 Thread 0x0000000018c7f800 Uncommon trap: reason=unstable_if action=reinterpret pc=0x0000000002a07968 method=java.util.HashMap.hash(Ljava/lang/Object;)I @ 1
Event: 9.493 Thread 0x0000000018c7f800 Uncommon trap: reason=unstable_if action=reinterpret pc=0x000000000282357c method=java.io.WinNTFileSystem.resolve(Ljava/lang/String;Ljava/lang/String;)Ljava/lang/String; @ 49
Event: 9.807 Thread 0x0000000018c7f800 Uncommon trap: reason=unstable_if action=reinterpret pc=0x0000000002e9139c method=org.objectweb.asm.Type.getDescriptor(Ljava/lang/StringBuilder;Ljava/lang/Class;)V @ 127
Event: 9.892 Thread 0x0000000002581000 Uncommon trap: reason=unstable_if action=reinterpret pc=0x0000000002b287b8 method=java.lang.ref.Reference.tryHandlePending(Z)Z @ 104
Event: 10.342 Thread 0x0000000018c7f800 Uncommon trap: reason=unstable_if action=reinterpret pc=0x0000000002b7fc58 method=groovyjarjarantlr.CharQueue.append(C)V @ 9
Event: 10.607 Thread 0x0000000018c7f800 Uncommon trap: reason=unstable_if action=reinterpret pc=0x0000000002e78848 method=org.objectweb.asm.ByteVector.putShort(I)Lorg/objectweb/asm/ByteVector; @ 13
Event: 10.652 Thread 0x0000000018c7f800 Uncommon trap: reason=unstable_if action=reinterpret pc=0x0000000002ec29cc method=org.objectweb.asm.Item.isEqualTo(Lorg/objectweb/asm/Item;)Z @ 251

Classes redefined (0 events):
No events

Internal exceptions (10 events):
Event: 9.416 Thread 0x0000000018c7f800 Implicit null exception at 0x000000000297ec95 to 0x000000000297ee91
Event: 9.450 Thread 0x0000000018c7f800 Implicit null exception at 0x0000000002a078ef to 0x0000000002a07959
Event: 9.714 Thread 0x0000000018c7f800 Exception <a 'java/lang/ClassNotFoundException': org/gradle/api/internal/artifacts/dsl/dependencies/DefaultDependencyHandler_DecoratedBeanInfo> (0x00000000e3472820) thrown at [D:\src\AOSP-openjdk-cygwin\jdk8u\hotspot\src\share\vm\classfile\systemDictionar
Event: 9.716 Thread 0x0000000018c7f800 Exception <a 'java/lang/ClassNotFoundException': org/gradle/api/internal/artifacts/dsl/dependencies/DefaultDependencyHandlerBeanInfo> (0x00000000e34bb070) thrown at [D:\src\AOSP-openjdk-cygwin\jdk8u\hotspot\src\share\vm\classfile\systemDictionary.cpp, lin
Event: 9.717 Thread 0x0000000018c7f800 Exception <a 'java/lang/ClassNotFoundException': org/gradle/api/internal/artifacts/dsl/dependencies/DefaultDependencyHandlerCustomizer> (0x00000000e3504858) thrown at [D:\src\AOSP-openjdk-cygwin\jdk8u\hotspot\src\share\vm\classfile\systemDictionary.cpp, l
Event: 9.729 Thread 0x0000000018c7f800 Exception <a 'java/lang/ClassNotFoundException': org/gradle/api/internal/artifacts/dsl/dependencies/DefaultDependencyHandler_DecoratedCustomizer> (0x00000000e3571b40) thrown at [D:\src\AOSP-openjdk-cygwin\jdk8u\hotspot\src\share\vm\classfile\systemDiction
Event: 9.881 Thread 0x0000000018c7f800 Exception <a 'java/lang/NoSuchMethodError': <clinit>> (0x00000000e40fa6f0) thrown at [D:\src\AOSP-openjdk-cygwin\jdk8u\hotspot\src\share\vm\prims\jni.cpp, line 1613]
Event: 9.897 Thread 0x0000000018c7f800 Exception <a 'java/lang/NoSuchMethodError': <clinit>> (0x00000000e001fff0) thrown at [D:\src\AOSP-openjdk-cygwin\jdk8u\hotspot\src\share\vm\prims\jni.cpp, line 1613]
Event: 9.897 Thread 0x0000000018c7f800 Exception <a 'java/lang/NoSuchMethodError': <clinit>> (0x00000000e00214a8) thrown at [D:\src\AOSP-openjdk-cygwin\jdk8u\hotspot\src\share\vm\prims\jni.cpp, line 1613]
Event: 9.898 Thread 0x0000000018c7f800 Exception <a 'java/lang/NoSuchMethodError': <clinit>> (0x00000000e0023208) thrown at [D:\src\AOSP-openjdk-cygwin\jdk8u\hotspot\src\share\vm\prims\jni.cpp, line 1613]

Events (10 events):
Event: 10.598 loading class org/gradle/groovy/scripts/internal/BuildScriptData
Event: 10.598 loading class org/gradle/groovy/scripts/internal/BuildScriptData done
Event: 10.607 Thread 0x0000000018c7f800 Uncommon trap: trap_request=0xffffff65 fr.pc=0x0000000002e78848
Event: 10.607 Thread 0x0000000018c7f800 DEOPT PACKING pc=0x0000000002e78848 sp=0x000000001a81ba00
Event: 10.607 Thread 0x0000000018c7f800 DEOPT UNPACKING pc=0x00000000025d557b sp=0x000000001a81b990 mode 2
Event: 10.626 loading class org/objectweb/asm/Handler
Event: 10.626 loading class org/objectweb/asm/Handler done
Event: 10.652 Thread 0x0000000018c7f800 Uncommon trap: trap_request=0xffffff65 fr.pc=0x0000000002ec29cc
Event: 10.652 Thread 0x0000000018c7f800 DEOPT PACKING pc=0x0000000002ec29cc sp=0x000000001a81b7f0
Event: 10.652 Thread 0x0000000018c7f800 DEOPT UNPACKING pc=0x00000000025d557b sp=0x000000001a81b788 mode 2


Dynamic libraries:
0x00007ff69e640000 - 0x00007ff69e671000 	C:\Program Files\Android\Android Studio\jre\bin\java.exe
0x00007ff8c6f70000 - 0x00007ff8c714b000 	C:\Windows\SYSTEM32\ntdll.dll
0x00007ff8c44d0000 - 0x00007ff8c457e000 	C:\Windows\System32\KERNEL32.DLL
0x00007ff8c4280000 - 0x00007ff8c44ca000 	C:\Windows\System32\KERNELBASE.dll
0x00007ff8c6d00000 - 0x00007ff8c6da1000 	C:\Windows\System32\ADVAPI32.dll
0x00007ff8c4810000 - 0x00007ff8c48ad000 	C:\Windows\System32\msvcrt.dll
0x00007ff8c6c30000 - 0x00007ff8c6c89000 	C:\Windows\System32\sechost.dll
0x00007ff8c4ab0000 - 0x00007ff8c4bd5000 	C:\Windows\System32\RPCRT4.dll
0x00007ff8c4960000 - 0x00007ff8c4aaa000 	C:\Windows\System32\USER32.dll
0x00007ff8c3a40000 - 0x00007ff8c3a5e000 	C:\Windows\System32\win32u.dll
0x00007ff8c6c90000 - 0x00007ff8c6cb7000 	C:\Windows\System32\GDI32.dll
0x00007ff8c3700000 - 0x00007ff8c3888000 	C:\Windows\System32\gdi32full.dll
0x00007ff8c3660000 - 0x00007ff8c36fa000 	C:\Windows\System32\msvcp_win.dll
0x00007ff8c3890000 - 0x00007ff8c3986000 	C:\Windows\System32\ucrtbase.dll
0x00007ff8b8d80000 - 0x00007ff8b8fe7000 	C:\Windows\WinSxS\amd64_microsoft.windows.common-controls_6595b64144ccf1df_6.0.15063.1155_none_40c7922129a7722b\COMCTL32.dll
0x00007ff8c4be0000 - 0x00007ff8c4ed9000 	C:\Windows\System32\combase.dll
0x00007ff8c4160000 - 0x00007ff8c41ca000 	C:\Windows\System32\bcryptPrimitives.dll
0x00007ff8c6cd0000 - 0x00007ff8c6cfd000 	C:\Windows\System32\IMM32.DLL
0x0000000074360000 - 0x0000000074432000 	C:\Program Files\Android\Android Studio\jre\jre\bin\msvcr100.dll
0x00000000701c0000 - 0x00000000709ff000 	C:\Program Files\Android\Android Studio\jre\jre\bin\server\jvm.dll
0x00007ff8c4690000 - 0x00007ff8c4698000 	C:\Windows\System32\PSAPI.DLL
0x00007ff8b0bb0000 - 0x00007ff8b0bb9000 	C:\Windows\SYSTEM32\WSOCK32.dll
0x00007ff8c46c0000 - 0x00007ff8c472c000 	C:\Windows\System32\WS2_32.dll
0x00007ff8c16b0000 - 0x00007ff8c16d3000 	C:\Windows\SYSTEM32\WINMM.dll
0x00007ff8bfa80000 - 0x00007ff8bfa8a000 	C:\Windows\SYSTEM32\VERSION.dll
0x00007ff8c1650000 - 0x00007ff8c167b000 	C:\Windows\SYSTEM32\WINMMBASE.dll
0x00007ff8c41d0000 - 0x00007ff8c4219000 	C:\Windows\System32\cfgmgr32.dll
0x00007ff8b8600000 - 0x00007ff8b860f000 	C:\Program Files\Android\Android Studio\jre\jre\bin\verify.dll
0x00007ff8a9fa0000 - 0x00007ff8a9fc9000 	C:\Program Files\Android\Android Studio\jre\jre\bin\java.dll
0x00007ff8a3e90000 - 0x00007ff8a3ea6000 	C:\Program Files\Android\Android Studio\jre\jre\bin\zip.dll
0x00007ff8c5680000 - 0x00007ff8c6ab8000 	C:\Windows\System32\SHELL32.dll
0x00007ff8c48b0000 - 0x00007ff8c495a000 	C:\Windows\System32\shcore.dll
0x00007ff8c3a60000 - 0x00007ff8c4151000 	C:\Windows\System32\windows.storage.dll
0x00007ff8c4730000 - 0x00007ff8c4781000 	C:\Windows\System32\shlwapi.dll
0x00007ff8c3470000 - 0x00007ff8c3481000 	C:\Windows\System32\kernel.appcore.dll
0x00007ff8c33e0000 - 0x00007ff8c342c000 	C:\Windows\System32\powrprof.dll
0x00007ff8c3450000 - 0x00007ff8c3465000 	C:\Windows\System32\profapi.dll
0x00007ff89d130000 - 0x00007ff89d14a000 	C:\Program Files\Android\Android Studio\jre\jre\bin\net.dll
0x00007ff8c2c90000 - 0x00007ff8c2cec000 	C:\Windows\system32\mswsock.dll
0x00007ff89d110000 - 0x00007ff89d121000 	C:\Program Files\Android\Android Studio\jre\jre\bin\nio.dll
0x00007ff8b3740000 - 0x00007ff8b375e000 	C:\Users\Rodrigo\.gradle\native\25\windows-amd64\native-platform.dll
0x00007ff8b85b0000 - 0x00007ff8b85bd000 	C:\Program Files\Android\Android Studio\jre\jre\bin\management.dll
0x00007ff8c2e30000 - 0x00007ff8c2e47000 	C:\Windows\SYSTEM32\CRYPTSP.dll
0x00007ff8c28b0000 - 0x00007ff8c28e4000 	C:\Windows\system32\rsaenh.dll
0x00007ff8c2fa0000 - 0x00007ff8c2fc5000 	C:\Windows\SYSTEM32\bcrypt.dll
0x00007ff8c3310000 - 0x00007ff8c3339000 	C:\Windows\SYSTEM32\USERENV.dll
0x00007ff8c2e50000 - 0x00007ff8c2e5b000 	C:\Windows\SYSTEM32\CRYPTBASE.dll
0x00007ff8c2a30000 - 0x00007ff8c2a67000 	C:\Windows\SYSTEM32\IPHLPAPI.DLL
0x00007ff8c6cc0000 - 0x00007ff8c6cc8000 	C:\Windows\System32\NSI.dll
0x00007ff8be6d0000 - 0x00007ff8be6e6000 	C:\Windows\SYSTEM32\dhcpcsvc6.DLL
0x00007ff8be6b0000 - 0x00007ff8be6ca000 	C:\Windows\SYSTEM32\dhcpcsvc.DLL
0x00007ff8ad1f0000 - 0x00007ff8ad399000 	C:\Windows\SYSTEM32\dbghelp.dll

VM Arguments:
jvm_args: -Xmx1536m -Dfile.encoding=windows-1252 -Duser.country=BR -Duser.language=pt -Duser.variant 
java_command: org.gradle.launcher.daemon.bootstrap.GradleDaemon 4.4
java_class_path (initial): C:\Users\Rodrigo\.gradle\wrapper\dists\gradle-4.4-all\9br9xq1tocpiv8o6njlyu5op1\gradle-4.4\lib\gradle-launcher-4.4.jar
Launcher Type: SUN_STANDARD

Environment Variables:
PATH=C:\Program Files (x86)\Common Files\Oracle\Java\javapath;C:\ProgramData\Oracle\Java\javapath;C:\Windows\system32;C:\Windows;C:\Windows\System32\Wbem;C:\Windows\System32\WindowsPowerShell\v1.0\;C:\Program Files (x86)\NVIDIA Corporation\PhysX\Common;C:\Program Files\Git\cmd;C:\Program Files (x86)\Brackets\command;C:\Users\Rodrigo\AppData\Local\Microsoft\WindowsApps;
USERNAME=Rodrigo
OS=Windows_NT
PROCESSOR_IDENTIFIER=Intel64 Family 6 Model 60 Stepping 3, GenuineIntel



---------------  S Y S T E M  ---------------

OS: Windows 10.0 , 64 bit Build 15063 (10.0.15063.1058)

CPU:total 4 (initial active 4) (4 cores per cpu, 1 threads per core) family 6 model 60 stepping 3, cmov, cx8, fxsr, mmx, sse, sse2, sse3, ssse3, sse4.1, sse4.2, popcnt, avx, avx2, aes, clmul, erms, lzcnt, tsc, tscinvbit, bmi1, bmi2

Memory: 4k page, physical 8258692k(1837104k free), swap 25035908k(10839588k free)

vm_info: OpenJDK 64-Bit Server VM (25.152-b02) for windows-amd64 JRE (1.8.0_152-release-1024-b02), built by "builder" with MS VC++ 10.0 (VS2010)

time: Mon Oct 22 22:44:24 2018
elapsed time: 10 seconds (0d 0h 0m 10s)

